<?xml version="1.0" encoding="UTF-8"?>
<testsuite name="Run On Chrome"
           tests="2"
           failures="0"
           errors="0"
           skipped="0"
           time="48.184">
    <properties></properties>



            <testcase
                name="Login_02_Login"
                time="14.313"
                classname="testcases.cloud.Level_22_clound">
            </testcase>
            <testcase
                name="Login_01_Register_Login_My_Account"
                time="33.871"
                classname="testcases.cloud.Level_22_clound">
            </testcase>
</testsuite>
