<?xml version="1.0" encoding="UTF-8"?>
<testsuite name="Run On Chrome"
           tests="3"
           failures="0"
           errors="0"
           skipped="0"
           time="0.035">
    <properties></properties>



            <testcase
                name="Search_01_3"
                time="0.002"
                classname="testng.Test_01">
            </testcase>
            <testcase
                name="Search_01_1"
                time="0.029"
                classname="testng.Test_01">
            </testcase>
            <testcase
                name="Search_01_2"
                time="0.004"
                classname="testng.Test_01">
            </testcase>
</testsuite>
